<?xml version="1.0" encoding="UTF-8"?>
<testng-results ignored="0" total="2" passed="2" failed="0" skipped="0">
  <reporter-output>
  </reporter-output>
  <suite started-at="2021-07-22T20:01:10 PDT" name="Default suite" finished-at="2021-07-22T20:01:30 PDT" duration-ms="19417">
    <groups>
      <group name="cucumber">
        <method signature="AbstractTestNGCucumberTests.feature(cucumber.api.testng.CucumberFeatureWrapper)[pri:0, instance:com.bangladesh.TestRunner.TestRunner_BD@747edf66]" name="feature" class="cucumber.api.testng.AbstractTestNGCucumberTests"/>
      </group> <!-- cucumber -->
    </groups>
    <test started-at="2021-07-22T20:01:10 PDT" name="Default test" finished-at="2021-07-22T20:01:30 PDT" duration-ms="19417">
      <class name="com.bangladesh.TestRunner.TestRunner_BD">
        <test-method is-config="true" signature="LaunchApplicationURL()[pri:0, instance:com.bangladesh.TestRunner.TestRunner_BD@747edf66]" started-at="2021-07-22T20:01:10 PDT" name="LaunchApplicationURL" finished-at="2021-07-22T20:01:13 PDT" duration-ms="2529" status="PASS">
          <reporter-output>
          </reporter-output>
        </test-method> <!-- LaunchApplicationURL -->
        <test-method is-config="true" signature="setUpClass()[pri:0, instance:com.bangladesh.TestRunner.TestRunner_BD@747edf66]" started-at="2021-07-22T20:01:13 PDT" name="setUpClass" finished-at="2021-07-22T20:01:13 PDT" duration-ms="417" status="PASS">
          <reporter-output>
          </reporter-output>
        </test-method> <!-- setUpClass -->
        <test-method signature="feature(cucumber.api.testng.CucumberFeatureWrapper)[pri:0, instance:com.bangladesh.TestRunner.TestRunner_BD@747edf66]" started-at="2021-07-22T20:01:13 PDT" name="feature" description="Runs Cucumber Feature" data-provider="features" finished-at="2021-07-22T20:01:21 PDT" duration-ms="7685" status="PASS">
          <params>
            <param index="0">
              <value>
                <![CDATA[Home page]]>
              </value>
            </param>
          </params>
          <reporter-output>
          </reporter-output>
        </test-method> <!-- feature -->
        <test-method signature="feature(cucumber.api.testng.CucumberFeatureWrapper)[pri:0, instance:com.bangladesh.TestRunner.TestRunner_BD@747edf66]" started-at="2021-07-22T20:01:21 PDT" name="feature" description="Runs Cucumber Feature" data-provider="features" finished-at="2021-07-22T20:01:29 PDT" duration-ms="7728" status="PASS">
          <params>
            <param index="0">
              <value>
                <![CDATA[Login]]>
              </value>
            </param>
          </params>
          <reporter-output>
          </reporter-output>
        </test-method> <!-- feature -->
        <test-method is-config="true" signature="tearDownClass()[pri:0, instance:com.bangladesh.TestRunner.TestRunner_BD@747edf66]" started-at="2021-07-22T20:01:29 PDT" name="tearDownClass" finished-at="2021-07-22T20:01:29 PDT" duration-ms="10" status="PASS">
          <reporter-output>
          </reporter-output>
        </test-method> <!-- tearDownClass -->
        <test-method is-config="true" signature="CloseApplicationURL()[pri:0, instance:com.bangladesh.TestRunner.TestRunner_BD@747edf66]" started-at="2021-07-22T20:01:29 PDT" name="CloseApplicationURL" finished-at="2021-07-22T20:01:30 PDT" duration-ms="831" status="PASS">
          <reporter-output>
          </reporter-output>
        </test-method> <!-- CloseApplicationURL -->
      </class> <!-- com.bangladesh.TestRunner.TestRunner_BD -->
    </test> <!-- Default test -->
  </suite> <!-- Default suite -->
</testng-results>
